<?xml version="1.0" encoding="UTF-8"?>
<testng-results ignored="0" total="1" passed="1" failed="0" skipped="0">
  <reporter-output>
  </reporter-output>
  <suite started-at="2020-04-10T18:13:14Z" name="Default suite" finished-at="2020-04-10T18:13:29Z" duration-ms="15462">
    <groups>
    </groups>
    <test started-at="2020-04-10T18:13:14Z" name="Default test" finished-at="2020-04-10T18:13:29Z" duration-ms="15462">
      <class name="testCases.TC_Login_001">
        <test-method is-config="true" signature="launchBrowser()[pri:0, instance:testCases.TC_Login_001@20140db9]" started-at="2020-04-10T18:13:14Z" name="launchBrowser" finished-at="2020-04-10T18:13:28Z" duration-ms="13661" status="PASS">
          <reporter-output>
          </reporter-output>
        </test-method> <!-- launchBrowser -->
        <test-method signature="login()[pri:0, instance:testCases.TC_Login_001@20140db9]" started-at="2020-04-10T18:13:28Z" name="login" finished-at="2020-04-10T18:13:29Z" duration-ms="924" status="PASS">
          <reporter-output>
          </reporter-output>
        </test-method> <!-- login -->
        <test-method is-config="true" signature="tearDown()[pri:0, instance:testCases.TC_Login_001@20140db9]" started-at="2020-04-10T18:13:29Z" name="tearDown" finished-at="2020-04-10T18:13:29Z" duration-ms="861" status="PASS">
          <reporter-output>
          </reporter-output>
        </test-method> <!-- tearDown -->
      </class> <!-- testCases.TC_Login_001 -->
    </test> <!-- Default test -->
  </suite> <!-- Default suite -->
</testng-results>
